2021-06-20 16:56:55.462  INFO 27416 --- [main] com.example.demo.SareetaApplication      : Starting SareetaApplication on nmuchisse with PID 27416 (/home/nmuchisse/Downloads/nd035-c4-Security-and-DevOps-master/starter_code/target/classes started by nmuchisse in /home/nmuchisse/Downloads/nd035-c4-Security-and-DevOps-master)
2021-06-20 16:56:55.466  INFO 27416 --- [main] com.example.demo.SareetaApplication      : No active profile set, falling back to default profiles: default
2021-06-20 16:56:56.963  INFO 27416 --- [main] .s.d.r.c.RepositoryConfigurationDelegate : Bootstrapping Spring Data repositories in DEFAULT mode.
2021-06-20 16:56:57.176  INFO 27416 --- [main] .s.d.r.c.RepositoryConfigurationDelegate : Finished Spring Data repository scanning in 189ms. Found 4 repository interfaces.
2021-06-20 16:56:58.179  INFO 27416 --- [main] trationDelegate$BeanPostProcessorChecker : Bean 'org.springframework.transaction.annotation.ProxyTransactionManagementConfiguration' of type [org.springframework.transaction.annotation.ProxyTransactionManagementConfiguration$$EnhancerBySpringCGLIB$$a7713882] is not eligible for getting processed by all BeanPostProcessors (for example: not eligible for auto-proxying)
2021-06-20 16:56:58.570  INFO 27416 --- [main] o.s.b.w.embedded.tomcat.TomcatWebServer  : Tomcat initialized with port(s): 8085 (http)
2021-06-20 16:56:58.622  INFO 27416 --- [main] o.apache.catalina.core.StandardService   : Starting service [Tomcat]
2021-06-20 16:56:58.622  INFO 27416 --- [main] org.apache.catalina.core.StandardEngine  : Starting Servlet engine: [Apache Tomcat/9.0.19]
2021-06-20 16:56:58.744  INFO 27416 --- [main] o.a.c.c.C.[Tomcat].[localhost].[/]       : Initializing Spring embedded WebApplicationContext
2021-06-20 16:56:58.744  INFO 27416 --- [main] o.s.web.context.ContextLoader            : Root WebApplicationContext: initialization completed in 3143 ms
2021-06-20 16:56:59.135  INFO 27416 --- [main] com.zaxxer.hikari.HikariDataSource       : HikariPool-1 - Starting...
2021-06-20 16:56:59.359  INFO 27416 --- [main] com.zaxxer.hikari.HikariDataSource       : HikariPool-1 - Start completed.
2021-06-20 16:56:59.440  INFO 27416 --- [main] o.hibernate.jpa.internal.util.LogHelper  : HHH000204: Processing PersistenceUnitInfo [
	name: default
	...]
2021-06-20 16:56:59.514  INFO 27416 --- [main] org.hibernate.Version                    : HHH000412: Hibernate Core {5.3.10.Final}
2021-06-20 16:56:59.515  INFO 27416 --- [main] org.hibernate.cfg.Environment            : HHH000206: hibernate.properties not found
2021-06-20 16:56:59.721  INFO 27416 --- [main] o.hibernate.annotations.common.Version   : HCANN000001: Hibernate Commons Annotations {5.0.4.Final}
2021-06-20 16:56:59.961  INFO 27416 --- [main] org.hibernate.dialect.Dialect            : HHH000400: Using dialect: org.hibernate.dialect.H2Dialect
2021-06-20 16:57:01.140  INFO 27416 --- [main] j.LocalContainerEntityManagerFactoryBean : Initialized JPA EntityManagerFactory for persistence unit 'default'
2021-06-20 16:57:03.170  WARN 27416 --- [main] aWebConfiguration$JpaWebMvcConfiguration : spring.jpa.open-in-view is enabled by default. Therefore, database queries may be performed during view rendering. Explicitly configure spring.jpa.open-in-view to disable this warning
2021-06-20 16:57:03.312  INFO 27416 --- [main] o.s.s.web.DefaultSecurityFilterChain     : Creating filter chain: any request, [org.springframework.security.web.context.request.async.WebAsyncManagerIntegrationFilter@14485747, org.springframework.security.web.context.SecurityContextPersistenceFilter@6d8b7ea9, org.springframework.security.web.header.HeaderWriterFilter@31f31b20, org.springframework.web.filter.CorsFilter@59fea5f5, org.springframework.security.web.authentication.logout.LogoutFilter@205159dc, com.example.demo.security.JWTAuthenticationFilter@78eafad, com.example.demo.security.JWTAuthenticationVerficationFilter@70f4abc1, org.springframework.security.web.savedrequest.RequestCacheAwareFilter@333d44f6, org.springframework.security.web.servletapi.SecurityContextHolderAwareRequestFilter@1d4cc7, org.springframework.security.web.authentication.AnonymousAuthenticationFilter@26d028f7, org.springframework.security.web.session.SessionManagementFilter@4b544732, org.springframework.security.web.access.ExceptionTranslationFilter@1182d1df, org.springframework.security.web.access.intercept.FilterSecurityInterceptor@41d20f06]
2021-06-20 16:57:03.531  INFO 27416 --- [main] o.s.s.concurrent.ThreadPoolTaskExecutor  : Initializing ExecutorService 'applicationTaskExecutor'
2021-06-20 16:57:03.904  INFO 27416 --- [main] o.s.b.w.embedded.tomcat.TomcatWebServer  : Tomcat started on port(s): 8085 (http) with context path ''
2021-06-20 16:57:03.908  INFO 27416 --- [main] com.example.demo.SareetaApplication      : Started SareetaApplication in 9.18 seconds (JVM running for 9.905)
2021-06-20 16:57:38.821  INFO 27416 --- [http-nio-8085-exec-2] o.apache.tomcat.util.http.parser.Cookie  : A cookie header was received ["livros\":[{\"preco\":50.00,\"linkCapaLivro\":\"http://s3.amazon/bucket/IMG-3274.JPG\",\"titulo\":\"Como nao ser jogador\",\"quantidade\":4,\"id\":1,\"total\":200.00}],\"total\":200.00}"] that contained an invalid cookie. That cookie will be ignored.
 Note: further occurrences of this error will be logged at DEBUG level.
2021-06-20 16:57:38.827  INFO 27416 --- [http-nio-8085-exec-2] o.a.c.c.C.[Tomcat].[localhost].[/]       : Initializing Spring DispatcherServlet 'dispatcherServlet'
2021-06-20 16:57:38.828  INFO 27416 --- [http-nio-8085-exec-2] o.s.web.servlet.DispatcherServlet        : Initializing Servlet 'dispatcherServlet'
2021-06-20 16:57:38.861  INFO 27416 --- [http-nio-8085-exec-2] o.s.web.servlet.DispatcherServlet        : Completed initialization in 33 ms
2021-06-20 16:57:39.244 ERROR 27416 --- [http-nio-8085-exec-2] c.e.demo.controllers.UserController      : Error with password.Cannot create user nelio
2021-06-20 17:15:28.293  INFO 27416 --- [Thread-4] o.s.s.concurrent.ThreadPoolTaskExecutor  : Shutting down ExecutorService 'applicationTaskExecutor'
2021-06-20 17:15:28.296  INFO 27416 --- [Thread-4] j.LocalContainerEntityManagerFactoryBean : Closing JPA EntityManagerFactory for persistence unit 'default'
2021-06-20 17:15:28.302  INFO 27416 --- [Thread-4] com.zaxxer.hikari.HikariDataSource       : HikariPool-1 - Shutdown initiated...
2021-06-20 17:15:28.307  INFO 27416 --- [Thread-4] com.zaxxer.hikari.HikariDataSource       : HikariPool-1 - Shutdown completed.
2021-06-20 17:15:31.535  INFO 29656 --- [main] com.example.demo.SareetaApplication      : Starting SareetaApplication on nmuchisse with PID 29656 (/home/nmuchisse/Downloads/nd035-c4-Security-and-DevOps-master/starter_code/target/classes started by nmuchisse in /home/nmuchisse/Downloads/nd035-c4-Security-and-DevOps-master)
2021-06-20 17:15:31.539  INFO 29656 --- [main] com.example.demo.SareetaApplication      : No active profile set, falling back to default profiles: default
2021-06-20 17:15:32.946  INFO 29656 --- [main] .s.d.r.c.RepositoryConfigurationDelegate : Bootstrapping Spring Data repositories in DEFAULT mode.
2021-06-20 17:15:33.110  INFO 29656 --- [main] .s.d.r.c.RepositoryConfigurationDelegate : Finished Spring Data repository scanning in 146ms. Found 4 repository interfaces.
2021-06-20 17:15:34.357  INFO 29656 --- [main] trationDelegate$BeanPostProcessorChecker : Bean 'org.springframework.transaction.annotation.ProxyTransactionManagementConfiguration' of type [org.springframework.transaction.annotation.ProxyTransactionManagementConfiguration$$EnhancerBySpringCGLIB$$9c3766ce] is not eligible for getting processed by all BeanPostProcessors (for example: not eligible for auto-proxying)
2021-06-20 17:15:34.752  INFO 29656 --- [main] o.s.b.w.embedded.tomcat.TomcatWebServer  : Tomcat initialized with port(s): 8085 (http)
2021-06-20 17:15:34.783  INFO 29656 --- [main] o.apache.catalina.core.StandardService   : Starting service [Tomcat]
2021-06-20 17:15:34.783  INFO 29656 --- [main] org.apache.catalina.core.StandardEngine  : Starting Servlet engine: [Apache Tomcat/9.0.19]
2021-06-20 17:15:34.898  INFO 29656 --- [main] o.a.c.c.C.[Tomcat].[localhost].[/]       : Initializing Spring embedded WebApplicationContext
2021-06-20 17:15:34.898  INFO 29656 --- [main] o.s.web.context.ContextLoader            : Root WebApplicationContext: initialization completed in 3227 ms
2021-06-20 17:15:35.234  INFO 29656 --- [main] com.zaxxer.hikari.HikariDataSource       : HikariPool-1 - Starting...
2021-06-20 17:15:35.482  INFO 29656 --- [main] com.zaxxer.hikari.HikariDataSource       : HikariPool-1 - Start completed.
2021-06-20 17:15:35.544  INFO 29656 --- [main] o.hibernate.jpa.internal.util.LogHelper  : HHH000204: Processing PersistenceUnitInfo [
	name: default
	...]
2021-06-20 17:15:35.612  INFO 29656 --- [main] org.hibernate.Version                    : HHH000412: Hibernate Core {5.3.10.Final}
2021-06-20 17:15:35.614  INFO 29656 --- [main] org.hibernate.cfg.Environment            : HHH000206: hibernate.properties not found
2021-06-20 17:15:35.764  INFO 29656 --- [main] o.hibernate.annotations.common.Version   : HCANN000001: Hibernate Commons Annotations {5.0.4.Final}
2021-06-20 17:15:35.917  INFO 29656 --- [main] org.hibernate.dialect.Dialect            : HHH000400: Using dialect: org.hibernate.dialect.H2Dialect
2021-06-20 17:15:37.020  INFO 29656 --- [main] j.LocalContainerEntityManagerFactoryBean : Initialized JPA EntityManagerFactory for persistence unit 'default'
2021-06-20 17:15:38.098  WARN 29656 --- [main] aWebConfiguration$JpaWebMvcConfiguration : spring.jpa.open-in-view is enabled by default. Therefore, database queries may be performed during view rendering. Explicitly configure spring.jpa.open-in-view to disable this warning
2021-06-20 17:15:38.208  INFO 29656 --- [main] o.s.s.web.DefaultSecurityFilterChain     : Creating filter chain: any request, [org.springframework.security.web.context.request.async.WebAsyncManagerIntegrationFilter@1fee4278, org.springframework.security.web.context.SecurityContextPersistenceFilter@58b97c15, org.springframework.security.web.header.HeaderWriterFilter@1f39269d, org.springframework.web.filter.CorsFilter@51132514, org.springframework.security.web.authentication.logout.LogoutFilter@44b9c7c4, com.example.demo.security.JWTAuthenticationFilter@20864cd1, com.example.demo.security.JWTAuthenticationVerficationFilter@5c839677, org.springframework.security.web.savedrequest.RequestCacheAwareFilter@3cd46491, org.springframework.security.web.servletapi.SecurityContextHolderAwareRequestFilter@77cddc0c, org.springframework.security.web.authentication.AnonymousAuthenticationFilter@3193e21d, org.springframework.security.web.session.SessionManagementFilter@754de353, org.springframework.security.web.access.ExceptionTranslationFilter@58186f9f, org.springframework.security.web.access.intercept.FilterSecurityInterceptor@5d08976a]
2021-06-20 17:15:38.358  INFO 29656 --- [main] o.s.s.concurrent.ThreadPoolTaskExecutor  : Initializing ExecutorService 'applicationTaskExecutor'
2021-06-20 17:15:38.610  INFO 29656 --- [main] o.s.b.w.embedded.tomcat.TomcatWebServer  : Tomcat started on port(s): 8085 (http) with context path ''
2021-06-20 17:15:38.613  INFO 29656 --- [main] com.example.demo.SareetaApplication      : Started SareetaApplication in 7.753 seconds (JVM running for 8.468)
2021-06-20 17:16:10.513  INFO 29656 --- [http-nio-8085-exec-2] o.apache.tomcat.util.http.parser.Cookie  : A cookie header was received ["livros\":[{\"preco\":50.00,\"linkCapaLivro\":\"http://s3.amazon/bucket/IMG-3274.JPG\",\"titulo\":\"Como nao ser jogador\",\"quantidade\":4,\"id\":1,\"total\":200.00}],\"total\":200.00}"] that contained an invalid cookie. That cookie will be ignored.
 Note: further occurrences of this error will be logged at DEBUG level.
2021-06-20 17:16:10.520  INFO 29656 --- [http-nio-8085-exec-2] o.a.c.c.C.[Tomcat].[localhost].[/]       : Initializing Spring DispatcherServlet 'dispatcherServlet'
2021-06-20 17:16:10.520  INFO 29656 --- [http-nio-8085-exec-2] o.s.web.servlet.DispatcherServlet        : Initializing Servlet 'dispatcherServlet'
2021-06-20 17:16:10.532  INFO 29656 --- [http-nio-8085-exec-2] o.s.web.servlet.DispatcherServlet        : Completed initialization in 12 ms
2021-06-20 17:16:10.731 ERROR 29656 --- [http-nio-8085-exec-2] c.e.demo.controllers.UserController      : Error with password.Cannot create user nelio
2021-06-20 17:16:44.769  INFO 29656 --- [http-nio-8085-exec-4] c.e.demo.controllers.UserController      : Creating user nelio was create successfully 
2021-06-20 17:17:28.627  INFO 29656 --- [http-nio-8085-exec-5] o.h.h.i.QueryTranslatorFactoryInitiator  : HHH000397: Using ASTQueryTranslatorFactory
2021-06-20 17:18:17.174  INFO 29656 --- [http-nio-8085-exec-6] org.apache.tomcat.util.http.Parameters   : Invalid chunk starting at byte [0] and ending at byte [1] with a value of [=] ignored
 Note: further occurrences of Parameter errors will be logged at DEBUG level.
2021-06-20 17:19:24.403  INFO 29656 --- [http-nio-8085-exec-8] c.e.demo.controllers.OrderController     : The order of user nelio was successfully created 
2021-06-20 17:19:55.003 ERROR 29656 --- [http-nio-8085-exec-9] c.e.demo.controllers.OrderController     : The order of user neliogg was failed to created because user does not exist 
2021-06-20 18:07:44.411  INFO 29656 --- [Thread-4] o.s.s.concurrent.ThreadPoolTaskExecutor  : Shutting down ExecutorService 'applicationTaskExecutor'
2021-06-20 18:07:44.427  INFO 29656 --- [Thread-4] j.LocalContainerEntityManagerFactoryBean : Closing JPA EntityManagerFactory for persistence unit 'default'
2021-06-20 18:07:44.430  INFO 29656 --- [Thread-4] com.zaxxer.hikari.HikariDataSource       : HikariPool-1 - Shutdown initiated...
2021-06-20 18:07:44.444  INFO 29656 --- [Thread-4] com.zaxxer.hikari.HikariDataSource       : HikariPool-1 - Shutdown completed.
2021-06-20 18:07:51.111  INFO 5876 --- [main] com.example.demo.SareetaApplication      : Starting SareetaApplication on nmuchisse with PID 5876 (/home/nmuchisse/Downloads/nd035-c4-Security-and-DevOps-master/starter_code/target/classes started by nmuchisse in /home/nmuchisse/Downloads/nd035-c4-Security-and-DevOps-master)
2021-06-20 18:07:51.123  INFO 5876 --- [main] com.example.demo.SareetaApplication      : No active profile set, falling back to default profiles: default
2021-06-20 18:07:52.360  INFO 5876 --- [main] .s.d.r.c.RepositoryConfigurationDelegate : Bootstrapping Spring Data repositories in DEFAULT mode.
2021-06-20 18:07:52.503  INFO 5876 --- [main] .s.d.r.c.RepositoryConfigurationDelegate : Finished Spring Data repository scanning in 126ms. Found 4 repository interfaces.
2021-06-20 18:07:53.331  INFO 5876 --- [main] trationDelegate$BeanPostProcessorChecker : Bean 'org.springframework.transaction.annotation.ProxyTransactionManagementConfiguration' of type [org.springframework.transaction.annotation.ProxyTransactionManagementConfiguration$$EnhancerBySpringCGLIB$$c9a4c224] is not eligible for getting processed by all BeanPostProcessors (for example: not eligible for auto-proxying)
2021-06-20 18:07:53.738  INFO 5876 --- [main] o.s.b.w.embedded.tomcat.TomcatWebServer  : Tomcat initialized with port(s): 8085 (http)
2021-06-20 18:07:53.775  INFO 5876 --- [main] o.apache.catalina.core.StandardService   : Starting service [Tomcat]
2021-06-20 18:07:53.776  INFO 5876 --- [main] org.apache.catalina.core.StandardEngine  : Starting Servlet engine: [Apache Tomcat/9.0.19]
2021-06-20 18:07:53.903  INFO 5876 --- [main] o.a.c.c.C.[Tomcat].[localhost].[/]       : Initializing Spring embedded WebApplicationContext
2021-06-20 18:07:53.904  INFO 5876 --- [main] o.s.web.context.ContextLoader            : Root WebApplicationContext: initialization completed in 2594 ms
2021-06-20 18:07:54.228  INFO 5876 --- [main] com.zaxxer.hikari.HikariDataSource       : HikariPool-1 - Starting...
2021-06-20 18:07:54.406  INFO 5876 --- [main] com.zaxxer.hikari.HikariDataSource       : HikariPool-1 - Start completed.
2021-06-20 18:07:54.489  INFO 5876 --- [main] o.hibernate.jpa.internal.util.LogHelper  : HHH000204: Processing PersistenceUnitInfo [
	name: default
	...]
2021-06-20 18:07:54.582  INFO 5876 --- [main] org.hibernate.Version                    : HHH000412: Hibernate Core {5.3.10.Final}
2021-06-20 18:07:54.585  INFO 5876 --- [main] org.hibernate.cfg.Environment            : HHH000206: hibernate.properties not found
2021-06-20 18:07:54.727  INFO 5876 --- [main] o.hibernate.annotations.common.Version   : HCANN000001: Hibernate Commons Annotations {5.0.4.Final}
2021-06-20 18:07:54.866  INFO 5876 --- [main] org.hibernate.dialect.Dialect            : HHH000400: Using dialect: org.hibernate.dialect.H2Dialect
2021-06-20 18:07:55.727  INFO 5876 --- [main] j.LocalContainerEntityManagerFactoryBean : Initialized JPA EntityManagerFactory for persistence unit 'default'
2021-06-20 18:07:56.856  WARN 5876 --- [main] aWebConfiguration$JpaWebMvcConfiguration : spring.jpa.open-in-view is enabled by default. Therefore, database queries may be performed during view rendering. Explicitly configure spring.jpa.open-in-view to disable this warning
2021-06-20 18:07:56.967  INFO 5876 --- [main] o.s.s.web.DefaultSecurityFilterChain     : Creating filter chain: any request, [org.springframework.security.web.context.request.async.WebAsyncManagerIntegrationFilter@e07b4db, org.springframework.security.web.context.SecurityContextPersistenceFilter@1a10c47e, org.springframework.security.web.header.HeaderWriterFilter@774f2992, org.springframework.web.filter.CorsFilter@76b305e1, org.springframework.security.web.authentication.logout.LogoutFilter@22ca1242, com.example.demo.security.JWTAuthenticationFilter@6be766d1, com.example.demo.security.JWTAuthenticationVerficationFilter@7adae08e, org.springframework.security.web.savedrequest.RequestCacheAwareFilter@2712e8f4, org.springframework.security.web.servletapi.SecurityContextHolderAwareRequestFilter@74a85515, org.springframework.security.web.authentication.AnonymousAuthenticationFilter@49c83262, org.springframework.security.web.session.SessionManagementFilter@1fb6b8fb, org.springframework.security.web.access.ExceptionTranslationFilter@77cddc0c, org.springframework.security.web.access.intercept.FilterSecurityInterceptor@3193e21d]
2021-06-20 18:07:57.129  INFO 5876 --- [main] o.s.s.concurrent.ThreadPoolTaskExecutor  : Initializing ExecutorService 'applicationTaskExecutor'
2021-06-20 18:07:57.389  INFO 5876 --- [main] o.s.b.w.embedded.tomcat.TomcatWebServer  : Tomcat started on port(s): 8085 (http) with context path ''
2021-06-20 18:07:57.392  INFO 5876 --- [main] com.example.demo.SareetaApplication      : Started SareetaApplication in 6.998 seconds (JVM running for 7.808)
2021-06-20 18:08:13.484  INFO 5876 --- [http-nio-8085-exec-1] o.apache.tomcat.util.http.parser.Cookie  : A cookie header was received ["livros\":[{\"preco\":50.00,\"linkCapaLivro\":\"http://s3.amazon/bucket/IMG-3274.JPG\",\"titulo\":\"Como nao ser jogador\",\"quantidade\":4,\"id\":1,\"total\":200.00}],\"total\":200.00}"] that contained an invalid cookie. That cookie will be ignored.
 Note: further occurrences of this error will be logged at DEBUG level.
2021-06-20 18:08:13.493  INFO 5876 --- [http-nio-8085-exec-1] o.a.c.c.C.[Tomcat].[localhost].[/]       : Initializing Spring DispatcherServlet 'dispatcherServlet'
2021-06-20 18:08:13.494  INFO 5876 --- [http-nio-8085-exec-1] o.s.web.servlet.DispatcherServlet        : Initializing Servlet 'dispatcherServlet'
2021-06-20 18:08:13.505  INFO 5876 --- [http-nio-8085-exec-1] o.s.web.servlet.DispatcherServlet        : Completed initialization in 11 ms
2021-06-20 18:08:13.839  INFO 5876 --- [http-nio-8085-exec-1] c.e.demo.controllers.UserController      : Creating user nelio was create successfully 
2021-06-20 18:08:18.901 ERROR 5876 --- [http-nio-8085-exec-3] c.e.demo.controllers.UserController      : Error with password.Cannot create user nelio
2021-06-20 18:23:53.865  INFO 5876 --- [Thread-4] o.s.s.concurrent.ThreadPoolTaskExecutor  : Shutting down ExecutorService 'applicationTaskExecutor'
2021-06-20 18:23:53.880  INFO 5876 --- [Thread-4] j.LocalContainerEntityManagerFactoryBean : Closing JPA EntityManagerFactory for persistence unit 'default'
2021-06-20 18:23:53.885  INFO 5876 --- [Thread-4] com.zaxxer.hikari.HikariDataSource       : HikariPool-1 - Shutdown initiated...
2021-06-20 18:23:53.909  INFO 5876 --- [Thread-4] com.zaxxer.hikari.HikariDataSource       : HikariPool-1 - Shutdown completed.
2021-06-20 18:24:06.094  INFO 8239 --- [main] com.example.demo.SareetaApplication      : Starting SareetaApplication on nmuchisse with PID 8239 (/home/nmuchisse/Downloads/nd035-c4-Security-and-DevOps-master/starter_code/target/classes started by nmuchisse in /home/nmuchisse/Downloads/nd035-c4-Security-and-DevOps-master)
2021-06-20 18:24:06.111  INFO 8239 --- [main] com.example.demo.SareetaApplication      : No active profile set, falling back to default profiles: default
2021-06-20 18:24:07.735  INFO 8239 --- [main] .s.d.r.c.RepositoryConfigurationDelegate : Bootstrapping Spring Data repositories in DEFAULT mode.
2021-06-20 18:24:07.950  INFO 8239 --- [main] .s.d.r.c.RepositoryConfigurationDelegate : Finished Spring Data repository scanning in 195ms. Found 4 repository interfaces.
2021-06-20 18:24:09.505  INFO 8239 --- [main] trationDelegate$BeanPostProcessorChecker : Bean 'org.springframework.transaction.annotation.ProxyTransactionManagementConfiguration' of type [org.springframework.transaction.annotation.ProxyTransactionManagementConfiguration$$EnhancerBySpringCGLIB$$c8d5c283] is not eligible for getting processed by all BeanPostProcessors (for example: not eligible for auto-proxying)
2021-06-20 18:24:10.314  INFO 8239 --- [main] o.s.b.w.embedded.tomcat.TomcatWebServer  : Tomcat initialized with port(s): 8085 (http)
2021-06-20 18:24:10.419  INFO 8239 --- [main] o.apache.catalina.core.StandardService   : Starting service [Tomcat]
2021-06-20 18:24:10.424  INFO 8239 --- [main] org.apache.catalina.core.StandardEngine  : Starting Servlet engine: [Apache Tomcat/9.0.19]
2021-06-20 18:24:10.671  INFO 8239 --- [main] o.a.c.c.C.[Tomcat].[localhost].[/]       : Initializing Spring embedded WebApplicationContext
2021-06-20 18:24:10.672  INFO 8239 --- [main] o.s.web.context.ContextLoader            : Root WebApplicationContext: initialization completed in 4349 ms
2021-06-20 18:24:11.456  INFO 8239 --- [main] com.zaxxer.hikari.HikariDataSource       : HikariPool-1 - Starting...
2021-06-20 18:24:11.990  INFO 8239 --- [main] com.zaxxer.hikari.HikariDataSource       : HikariPool-1 - Start completed.
2021-06-20 18:24:12.178  INFO 8239 --- [main] o.hibernate.jpa.internal.util.LogHelper  : HHH000204: Processing PersistenceUnitInfo [
	name: default
	...]
2021-06-20 18:24:12.430  INFO 8239 --- [main] org.hibernate.Version                    : HHH000412: Hibernate Core {5.3.10.Final}
2021-06-20 18:24:12.439  INFO 8239 --- [main] org.hibernate.cfg.Environment            : HHH000206: hibernate.properties not found
2021-06-20 18:24:12.739  INFO 8239 --- [main] o.hibernate.annotations.common.Version   : HCANN000001: Hibernate Commons Annotations {5.0.4.Final}
2021-06-20 18:24:13.222  INFO 8239 --- [main] org.hibernate.dialect.Dialect            : HHH000400: Using dialect: org.hibernate.dialect.H2Dialect
2021-06-20 18:24:14.662  INFO 8239 --- [main] j.LocalContainerEntityManagerFactoryBean : Initialized JPA EntityManagerFactory for persistence unit 'default'
2021-06-20 18:24:16.235  WARN 8239 --- [main] aWebConfiguration$JpaWebMvcConfiguration : spring.jpa.open-in-view is enabled by default. Therefore, database queries may be performed during view rendering. Explicitly configure spring.jpa.open-in-view to disable this warning
2021-06-20 18:24:16.358  INFO 8239 --- [main] o.s.s.web.DefaultSecurityFilterChain     : Creating filter chain: any request, [org.springframework.security.web.context.request.async.WebAsyncManagerIntegrationFilter@1b53e6fc, org.springframework.security.web.context.SecurityContextPersistenceFilter@36f497b1, org.springframework.security.web.header.HeaderWriterFilter@42150951, org.springframework.web.filter.CorsFilter@391e2a, org.springframework.security.web.authentication.logout.LogoutFilter@408d12fc, com.example.demo.security.JWTAuthenticationFilter@641cea11, com.example.demo.security.JWTAuthenticationVerficationFilter@4e3d36c2, org.springframework.security.web.savedrequest.RequestCacheAwareFilter@1117cc7c, org.springframework.security.web.servletapi.SecurityContextHolderAwareRequestFilter@39fb5ddf, org.springframework.security.web.authentication.AnonymousAuthenticationFilter@4add4dff, org.springframework.security.web.session.SessionManagementFilter@3b0c38f2, org.springframework.security.web.access.ExceptionTranslationFilter@663f24e6, org.springframework.security.web.access.intercept.FilterSecurityInterceptor@2fc0ad21]
2021-06-20 18:24:16.556  INFO 8239 --- [main] o.s.s.concurrent.ThreadPoolTaskExecutor  : Initializing ExecutorService 'applicationTaskExecutor'
2021-06-20 18:24:16.855  INFO 8239 --- [main] o.s.b.w.embedded.tomcat.TomcatWebServer  : Tomcat started on port(s): 8085 (http) with context path ''
2021-06-20 18:24:16.858  INFO 8239 --- [main] com.example.demo.SareetaApplication      : Started SareetaApplication in 12.4 seconds (JVM running for 14.333)
2021-06-20 18:31:17.046  INFO 8239 --- [Thread-4] o.s.s.concurrent.ThreadPoolTaskExecutor  : Shutting down ExecutorService 'applicationTaskExecutor'
2021-06-20 18:31:17.049  INFO 8239 --- [Thread-4] j.LocalContainerEntityManagerFactoryBean : Closing JPA EntityManagerFactory for persistence unit 'default'
2021-06-20 18:31:17.058  INFO 8239 --- [Thread-4] com.zaxxer.hikari.HikariDataSource       : HikariPool-1 - Shutdown initiated...
2021-06-20 18:31:17.067  INFO 8239 --- [Thread-4] com.zaxxer.hikari.HikariDataSource       : HikariPool-1 - Shutdown completed.
2021-06-20 18:31:20.296  INFO 9279 --- [main] com.example.demo.SareetaApplication      : Starting SareetaApplication on nmuchisse with PID 9279 (/home/nmuchisse/Downloads/nd035-c4-Security-and-DevOps-master/starter_code/target/classes started by nmuchisse in /home/nmuchisse/Downloads/nd035-c4-Security-and-DevOps-master)
2021-06-20 18:31:20.309  INFO 9279 --- [main] com.example.demo.SareetaApplication      : No active profile set, falling back to default profiles: default
2021-06-20 18:31:21.640  INFO 9279 --- [main] .s.d.r.c.RepositoryConfigurationDelegate : Bootstrapping Spring Data repositories in DEFAULT mode.
2021-06-20 18:31:21.869  INFO 9279 --- [main] .s.d.r.c.RepositoryConfigurationDelegate : Finished Spring Data repository scanning in 215ms. Found 4 repository interfaces.
2021-06-20 18:31:22.955  INFO 9279 --- [main] trationDelegate$BeanPostProcessorChecker : Bean 'org.springframework.transaction.annotation.ProxyTransactionManagementConfiguration' of type [org.springframework.transaction.annotation.ProxyTransactionManagementConfiguration$$EnhancerBySpringCGLIB$$71c7a0a6] is not eligible for getting processed by all BeanPostProcessors (for example: not eligible for auto-proxying)
2021-06-20 18:31:23.353  INFO 9279 --- [main] o.s.b.w.embedded.tomcat.TomcatWebServer  : Tomcat initialized with port(s): 8085 (http)
2021-06-20 18:31:23.391  INFO 9279 --- [main] o.apache.catalina.core.StandardService   : Starting service [Tomcat]
2021-06-20 18:31:23.392  INFO 9279 --- [main] org.apache.catalina.core.StandardEngine  : Starting Servlet engine: [Apache Tomcat/9.0.19]
2021-06-20 18:31:23.569  INFO 9279 --- [main] o.a.c.c.C.[Tomcat].[localhost].[/]       : Initializing Spring embedded WebApplicationContext
2021-06-20 18:31:23.570  INFO 9279 --- [main] o.s.web.context.ContextLoader            : Root WebApplicationContext: initialization completed in 3099 ms
2021-06-20 18:31:23.858  INFO 9279 --- [main] com.zaxxer.hikari.HikariDataSource       : HikariPool-1 - Starting...
2021-06-20 18:31:24.090  INFO 9279 --- [main] com.zaxxer.hikari.HikariDataSource       : HikariPool-1 - Start completed.
2021-06-20 18:31:24.166  INFO 9279 --- [main] o.hibernate.jpa.internal.util.LogHelper  : HHH000204: Processing PersistenceUnitInfo [
	name: default
	...]
2021-06-20 18:31:24.254  INFO 9279 --- [main] org.hibernate.Version                    : HHH000412: Hibernate Core {5.3.10.Final}
2021-06-20 18:31:24.257  INFO 9279 --- [main] org.hibernate.cfg.Environment            : HHH000206: hibernate.properties not found
2021-06-20 18:31:24.445  INFO 9279 --- [main] o.hibernate.annotations.common.Version   : HCANN000001: Hibernate Commons Annotations {5.0.4.Final}
2021-06-20 18:31:24.588  INFO 9279 --- [main] org.hibernate.dialect.Dialect            : HHH000400: Using dialect: org.hibernate.dialect.H2Dialect
2021-06-20 18:31:25.543  INFO 9279 --- [main] j.LocalContainerEntityManagerFactoryBean : Initialized JPA EntityManagerFactory for persistence unit 'default'
2021-06-20 18:31:26.650  WARN 9279 --- [main] aWebConfiguration$JpaWebMvcConfiguration : spring.jpa.open-in-view is enabled by default. Therefore, database queries may be performed during view rendering. Explicitly configure spring.jpa.open-in-view to disable this warning
2021-06-20 18:31:26.751  INFO 9279 --- [main] o.s.s.web.DefaultSecurityFilterChain     : Creating filter chain: any request, [org.springframework.security.web.context.request.async.WebAsyncManagerIntegrationFilter@734f8317, org.springframework.security.web.context.SecurityContextPersistenceFilter@5aab5b31, org.springframework.security.web.header.HeaderWriterFilter@32e697ac, org.springframework.web.filter.CorsFilter@7dd3981e, org.springframework.security.web.authentication.logout.LogoutFilter@300a38e7, com.example.demo.security.JWTAuthenticationFilter@59313495, com.example.demo.security.JWTAuthenticationVerficationFilter@4a04ca74, org.springframework.security.web.savedrequest.RequestCacheAwareFilter@eded048, org.springframework.security.web.servletapi.SecurityContextHolderAwareRequestFilter@23f5008a, org.springframework.security.web.authentication.AnonymousAuthenticationFilter@455cbf18, org.springframework.security.web.session.SessionManagementFilter@241fc278, org.springframework.security.web.access.ExceptionTranslationFilter@4beae1e3, org.springframework.security.web.access.intercept.FilterSecurityInterceptor@8851ec]
2021-06-20 18:31:26.937  INFO 9279 --- [main] o.s.s.concurrent.ThreadPoolTaskExecutor  : Initializing ExecutorService 'applicationTaskExecutor'
2021-06-20 18:31:27.241  INFO 9279 --- [main] o.s.b.w.embedded.tomcat.TomcatWebServer  : Tomcat started on port(s): 8085 (http) with context path ''
2021-06-20 18:31:27.244  INFO 9279 --- [main] com.example.demo.SareetaApplication      : Started SareetaApplication in 7.79 seconds (JVM running for 8.673)
2021-06-20 18:32:31.894  INFO 9279 --- [Thread-4] o.s.s.concurrent.ThreadPoolTaskExecutor  : Shutting down ExecutorService 'applicationTaskExecutor'
2021-06-20 18:32:31.897  INFO 9279 --- [Thread-4] j.LocalContainerEntityManagerFactoryBean : Closing JPA EntityManagerFactory for persistence unit 'default'
2021-06-20 18:32:31.902  INFO 9279 --- [Thread-4] com.zaxxer.hikari.HikariDataSource       : HikariPool-1 - Shutdown initiated...
2021-06-20 18:32:31.915  INFO 9279 --- [Thread-4] com.zaxxer.hikari.HikariDataSource       : HikariPool-1 - Shutdown completed.
2021-06-20 18:32:35.159  INFO 9515 --- [main] com.example.demo.SareetaApplication      : Starting SareetaApplication on nmuchisse with PID 9515 (/home/nmuchisse/Downloads/nd035-c4-Security-and-DevOps-master/starter_code/target/classes started by nmuchisse in /home/nmuchisse/Downloads/nd035-c4-Security-and-DevOps-master)
2021-06-20 18:32:35.169  INFO 9515 --- [main] com.example.demo.SareetaApplication      : No active profile set, falling back to default profiles: default
2021-06-20 18:32:36.695  INFO 9515 --- [main] .s.d.r.c.RepositoryConfigurationDelegate : Bootstrapping Spring Data repositories in DEFAULT mode.
2021-06-20 18:32:36.866  INFO 9515 --- [main] .s.d.r.c.RepositoryConfigurationDelegate : Finished Spring Data repository scanning in 153ms. Found 4 repository interfaces.
2021-06-20 18:32:38.113  INFO 9515 --- [main] trationDelegate$BeanPostProcessorChecker : Bean 'org.springframework.transaction.annotation.ProxyTransactionManagementConfiguration' of type [org.springframework.transaction.annotation.ProxyTransactionManagementConfiguration$$EnhancerBySpringCGLIB$$31d7ca05] is not eligible for getting processed by all BeanPostProcessors (for example: not eligible for auto-proxying)
2021-06-20 18:32:38.552  INFO 9515 --- [main] o.s.b.w.embedded.tomcat.TomcatWebServer  : Tomcat initialized with port(s): 8085 (http)
2021-06-20 18:32:38.592  INFO 9515 --- [main] o.apache.catalina.core.StandardService   : Starting service [Tomcat]
2021-06-20 18:32:38.593  INFO 9515 --- [main] org.apache.catalina.core.StandardEngine  : Starting Servlet engine: [Apache Tomcat/9.0.19]
2021-06-20 18:32:38.718  INFO 9515 --- [main] o.a.c.c.C.[Tomcat].[localhost].[/]       : Initializing Spring embedded WebApplicationContext
2021-06-20 18:32:38.719  INFO 9515 --- [main] o.s.web.context.ContextLoader            : Root WebApplicationContext: initialization completed in 3354 ms
2021-06-20 18:32:39.024  INFO 9515 --- [main] com.zaxxer.hikari.HikariDataSource       : HikariPool-1 - Starting...
2021-06-20 18:32:39.226  INFO 9515 --- [main] com.zaxxer.hikari.HikariDataSource       : HikariPool-1 - Start completed.
2021-06-20 18:32:39.287  INFO 9515 --- [main] o.hibernate.jpa.internal.util.LogHelper  : HHH000204: Processing PersistenceUnitInfo [
	name: default
	...]
2021-06-20 18:32:39.361  INFO 9515 --- [main] org.hibernate.Version                    : HHH000412: Hibernate Core {5.3.10.Final}
2021-06-20 18:32:39.363  INFO 9515 --- [main] org.hibernate.cfg.Environment            : HHH000206: hibernate.properties not found
2021-06-20 18:32:39.539  INFO 9515 --- [main] o.hibernate.annotations.common.Version   : HCANN000001: Hibernate Commons Annotations {5.0.4.Final}
2021-06-20 18:32:39.681  INFO 9515 --- [main] org.hibernate.dialect.Dialect            : HHH000400: Using dialect: org.hibernate.dialect.H2Dialect
2021-06-20 18:32:40.547  INFO 9515 --- [main] j.LocalContainerEntityManagerFactoryBean : Initialized JPA EntityManagerFactory for persistence unit 'default'
2021-06-20 18:32:41.912  WARN 9515 --- [main] aWebConfiguration$JpaWebMvcConfiguration : spring.jpa.open-in-view is enabled by default. Therefore, database queries may be performed during view rendering. Explicitly configure spring.jpa.open-in-view to disable this warning
2021-06-20 18:32:42.016  INFO 9515 --- [main] o.s.s.web.DefaultSecurityFilterChain     : Creating filter chain: any request, [org.springframework.security.web.context.request.async.WebAsyncManagerIntegrationFilter@71ad959b, org.springframework.security.web.context.SecurityContextPersistenceFilter@67e6eb52, org.springframework.security.web.header.HeaderWriterFilter@ce655b9, org.springframework.web.filter.CorsFilter@1d7c9811, org.springframework.security.web.authentication.logout.LogoutFilter@655621fd, com.example.demo.security.JWTAuthenticationFilter@3b362f1, com.example.demo.security.JWTAuthenticationVerficationFilter@6451a288, org.springframework.security.web.savedrequest.RequestCacheAwareFilter@5ad57e90, org.springframework.security.web.servletapi.SecurityContextHolderAwareRequestFilter@4beae1e3, org.springframework.security.web.authentication.AnonymousAuthenticationFilter@79cdf2d4, org.springframework.security.web.session.SessionManagementFilter@5731caaf, org.springframework.security.web.access.ExceptionTranslationFilter@709d86a2, org.springframework.security.web.access.intercept.FilterSecurityInterceptor@6e46891d]
2021-06-20 18:32:42.177  INFO 9515 --- [main] o.s.s.concurrent.ThreadPoolTaskExecutor  : Initializing ExecutorService 'applicationTaskExecutor'
2021-06-20 18:32:42.411  INFO 9515 --- [main] o.s.b.w.embedded.tomcat.TomcatWebServer  : Tomcat started on port(s): 8085 (http) with context path ''
2021-06-20 18:32:42.419  INFO 9515 --- [main] com.example.demo.SareetaApplication      : Started SareetaApplication in 8.182 seconds (JVM running for 8.822)
2021-06-20 18:33:20.352  INFO 9515 --- [Thread-4] o.s.s.concurrent.ThreadPoolTaskExecutor  : Shutting down ExecutorService 'applicationTaskExecutor'
2021-06-20 18:33:20.367  INFO 9515 --- [Thread-4] j.LocalContainerEntityManagerFactoryBean : Closing JPA EntityManagerFactory for persistence unit 'default'
2021-06-20 18:33:20.370  INFO 9515 --- [Thread-4] com.zaxxer.hikari.HikariDataSource       : HikariPool-1 - Shutdown initiated...
2021-06-20 18:33:20.377  INFO 9515 --- [Thread-4] com.zaxxer.hikari.HikariDataSource       : HikariPool-1 - Shutdown completed.
2021-06-20 18:33:23.269  INFO 9690 --- [main] com.example.demo.SareetaApplication      : Starting SareetaApplication on nmuchisse with PID 9690 (/home/nmuchisse/Downloads/nd035-c4-Security-and-DevOps-master/starter_code/target/classes started by nmuchisse in /home/nmuchisse/Downloads/nd035-c4-Security-and-DevOps-master)
2021-06-20 18:33:23.274  INFO 9690 --- [main] com.example.demo.SareetaApplication      : No active profile set, falling back to default profiles: default
2021-06-20 18:33:24.544  INFO 9690 --- [main] .s.d.r.c.RepositoryConfigurationDelegate : Bootstrapping Spring Data repositories in DEFAULT mode.
2021-06-20 18:33:24.686  INFO 9690 --- [main] .s.d.r.c.RepositoryConfigurationDelegate : Finished Spring Data repository scanning in 123ms. Found 4 repository interfaces.
2021-06-20 18:33:25.669  INFO 9690 --- [main] trationDelegate$BeanPostProcessorChecker : Bean 'org.springframework.transaction.annotation.ProxyTransactionManagementConfiguration' of type [org.springframework.transaction.annotation.ProxyTransactionManagementConfiguration$$EnhancerBySpringCGLIB$$b30d8ae0] is not eligible for getting processed by all BeanPostProcessors (for example: not eligible for auto-proxying)
2021-06-20 18:33:26.079  INFO 9690 --- [main] o.s.b.w.embedded.tomcat.TomcatWebServer  : Tomcat initialized with port(s): 8085 (http)
2021-06-20 18:33:26.119  INFO 9690 --- [main] o.apache.catalina.core.StandardService   : Starting service [Tomcat]
2021-06-20 18:33:26.119  INFO 9690 --- [main] org.apache.catalina.core.StandardEngine  : Starting Servlet engine: [Apache Tomcat/9.0.19]
2021-06-20 18:33:26.278  INFO 9690 --- [main] o.a.c.c.C.[Tomcat].[localhost].[/]       : Initializing Spring embedded WebApplicationContext
2021-06-20 18:33:26.278  INFO 9690 --- [main] o.s.web.context.ContextLoader            : Root WebApplicationContext: initialization completed in 2851 ms
2021-06-20 18:33:26.590  INFO 9690 --- [main] com.zaxxer.hikari.HikariDataSource       : HikariPool-1 - Starting...
2021-06-20 18:33:26.776  INFO 9690 --- [main] com.zaxxer.hikari.HikariDataSource       : HikariPool-1 - Start completed.
2021-06-20 18:33:26.838  INFO 9690 --- [main] o.hibernate.jpa.internal.util.LogHelper  : HHH000204: Processing PersistenceUnitInfo [
	name: default
	...]
2021-06-20 18:33:26.913  INFO 9690 --- [main] org.hibernate.Version                    : HHH000412: Hibernate Core {5.3.10.Final}
2021-06-20 18:33:26.915  INFO 9690 --- [main] org.hibernate.cfg.Environment            : HHH000206: hibernate.properties not found
2021-06-20 18:33:27.050  INFO 9690 --- [main] o.hibernate.annotations.common.Version   : HCANN000001: Hibernate Commons Annotations {5.0.4.Final}
2021-06-20 18:33:27.220  INFO 9690 --- [main] org.hibernate.dialect.Dialect            : HHH000400: Using dialect: org.hibernate.dialect.H2Dialect
2021-06-20 18:33:28.095  INFO 9690 --- [main] j.LocalContainerEntityManagerFactoryBean : Initialized JPA EntityManagerFactory for persistence unit 'default'
2021-06-20 18:33:29.216  WARN 9690 --- [main] aWebConfiguration$JpaWebMvcConfiguration : spring.jpa.open-in-view is enabled by default. Therefore, database queries may be performed during view rendering. Explicitly configure spring.jpa.open-in-view to disable this warning
2021-06-20 18:33:29.321  INFO 9690 --- [main] o.s.s.web.DefaultSecurityFilterChain     : Creating filter chain: any request, [org.springframework.security.web.context.request.async.WebAsyncManagerIntegrationFilter@6e517c9e, org.springframework.security.web.context.SecurityContextPersistenceFilter@78128dd0, org.springframework.security.web.header.HeaderWriterFilter@7cd1ec54, org.springframework.web.filter.CorsFilter@770cae59, org.springframework.security.web.authentication.logout.LogoutFilter@2b936b04, com.example.demo.security.JWTAuthenticationFilter@76b5a559, com.example.demo.security.JWTAuthenticationVerficationFilter@4bdb04c8, org.springframework.security.web.savedrequest.RequestCacheAwareFilter@28dd81ad, org.springframework.security.web.servletapi.SecurityContextHolderAwareRequestFilter@2cea921a, org.springframework.security.web.authentication.AnonymousAuthenticationFilter@2e8b24a1, org.springframework.security.web.session.SessionManagementFilter@6d420cdd, org.springframework.security.web.access.ExceptionTranslationFilter@44abdb1f, org.springframework.security.web.access.intercept.FilterSecurityInterceptor@74ebd159]
2021-06-20 18:33:29.494  INFO 9690 --- [main] o.s.s.concurrent.ThreadPoolTaskExecutor  : Initializing ExecutorService 'applicationTaskExecutor'
2021-06-20 18:33:29.773  INFO 9690 --- [main] o.s.b.w.embedded.tomcat.TomcatWebServer  : Tomcat started on port(s): 8085 (http) with context path ''
2021-06-20 18:33:29.777  INFO 9690 --- [main] com.example.demo.SareetaApplication      : Started SareetaApplication in 7.209 seconds (JVM running for 7.789)

https://www.youtube.com/watch?v=YB_qanudIzA

http://127.0.0.1:8000 

https://www.youtube.com/watch?v=AZCOEC_u_vw&list=PLhskPPSoLJ6YWjhGFBVCKcz2JMCEYJ8ga

https://docs.aws.amazon.com/AWSEC2/latest/UserGuide/ec2-instance-lifecycle.html

AWS Access Key ID
ASIASTDX4AOIIC27BL76

https://docs.jboss.org/hibernate/orm/5.4/userguide/html_single/Hibernate_User_Guide.html#flushing

AWS Secret Access Key
uWAwRT2ZXSW9EhYoJtiyp7f2ESNrmJRhwcrdUBhh


AWS Session Token
FwoGZXIvYXdzEPf//////////wEaDCQ4iTkfiupwr8scuSLVASFlVOBRZiMmWo4rfmvwblRbWL0tiQ8WespzL0nfHYUAbb3Awn8zZr9FvlqQ4CwZw7zRnF3S5fvoKRMlMDqOtOy4biZPmstapG4ZAkm/FIFjyBC4GqT582XarMi9UQ2lbzT4fZCy1nkBZz84U1DR3ojP6ZYhaLJZcfbUGWbLJcRW59lmoLCmRyw1e4Inifbrarkd9iEi69bUFWJmJIJNCCk8A2jTETV58ilEKNXzKvW3fTkfx3/2wJINvRO5wxet7CFXDcJrGBt5VwI9Zy8cg06RZ+xdGSjy4L6GBjItIeSkaQrnbAjCswNaPGw5qMqCdcHtmRqyfQKZBptdMD20R90e6YzmkF5lYNF/
